
2022-12-27T10:30:34.525+0200	info	stress/stress.go:36	TestID: Alona_Puma7_92a54776-cea1-4b1f-bb4f-16a2f44489d1
2022-12-27T10:30:34.525+0200	debug	stress/stress.go:51	setting up DHCP Server
2022-12-27T10:30:34.525+0200	debug	stress/stress.go:41	Setting up Router Slave
2022-12-27T10:30:34.526+0200	debug	stress/stress.go:46	Setting up Docker Client and Network
2022-12-27T10:30:55.736+0200	debug	stress/stress.go:62	running inital traffic capture
2022-12-27T10:33:45.258+0200	info	stress/stress.go:36	TestID: Alona_Puma7_ae3ce43c-1461-4525-8c29-64cc4299cb09
2022-12-27T10:33:45.259+0200	debug	stress/stress.go:51	setting up DHCP Server
2022-12-27T10:33:45.259+0200	debug	stress/stress.go:41	Setting up Router Slave
2022-12-27T10:33:45.259+0200	debug	stress/stress.go:46	Setting up Docker Client and Network
2022-12-27T10:34:06.562+0200	debug	stress/stress.go:62	running inital traffic capture
2022-12-27T10:39:58.575+0200	info	stress/stress.go:36	TestID: Alona_Puma7_a3cae10f-ca45-485d-a04a-69b890fb27b9
2022-12-27T10:39:58.576+0200	debug	stress/stress.go:51	setting up DHCP Server
2022-12-27T10:39:58.576+0200	debug	stress/stress.go:46	Setting up Docker Client and Network
2022-12-27T10:39:58.576+0200	debug	stress/stress.go:41	Setting up Router Slave
2022-12-27T10:40:19.827+0200	debug	stress/stress.go:62	running inital traffic capture
2022-12-27T10:44:46.901+0200	info	stress/stress.go:36	TestID: Alona_Puma7_c05b4b24-a034-4cfd-9e35-9553ef941482
2022-12-27T10:44:46.902+0200	debug	stress/stress.go:51	setting up DHCP Server
2022-12-27T10:44:46.902+0200	debug	stress/stress.go:41	Setting up Router Slave
2022-12-27T10:44:46.902+0200	debug	stress/stress.go:46	Setting up Docker Client and Network
2022-12-27T10:45:08.241+0200	debug	stress/stress.go:62	running inital traffic capture
2022-12-27T10:50:00.397+0200	info	stress/stress.go:36	TestID: Alona_Puma7_9eca8249-1827-4f93-a2cc-fbac4404d3e2
2022-12-27T10:50:00.397+0200	debug	stress/stress.go:51	setting up DHCP Server
2022-12-27T10:50:00.397+0200	debug	stress/stress.go:41	Setting up Router Slave
2022-12-27T10:50:00.398+0200	debug	stress/stress.go:46	Setting up Docker Client and Network
2022-12-27T10:50:21.603+0200	debug	stress/stress.go:62	running inital traffic capture
2022-12-27T10:54:53.331+0200	info	stress/stress.go:36	TestID: Alona_Puma7_a08643b4-3b0e-409b-bca7-c7cb25dded46
2022-12-27T10:54:53.331+0200	debug	stress/stress.go:51	setting up DHCP Server
2022-12-27T10:54:53.331+0200	debug	stress/stress.go:41	Setting up Router Slave
2022-12-27T10:54:53.331+0200	debug	stress/stress.go:46	Setting up Docker Client and Network
2022-12-27T10:55:14.661+0200	debug	stress/stress.go:62	running inital traffic capture
2022-12-28T20:07:25.922+0200	info	stress/stress.go:36	TestID: Alona_Puma7_d6c75b28-232d-4f91-a472-cbcf17a64b0d
2022-12-28T20:07:25.922+0200	debug	stress/stress.go:51	setting up DHCP Server
2022-12-28T20:07:25.922+0200	debug	stress/stress.go:41	Setting up Router Slave
2022-12-28T20:07:25.922+0200	debug	stress/stress.go:46	Setting up Docker Client and Network
2022-12-28T20:09:38.802+0200	info	stress/stress.go:36	TestID: Alona_Puma7_ec0013d6-70e4-43ec-bd34-589e34e0a1b7
2022-12-28T20:09:38.802+0200	debug	stress/stress.go:51	setting up DHCP Server
2022-12-28T20:09:38.803+0200	debug	stress/stress.go:41	Setting up Router Slave
2022-12-28T20:09:38.804+0200	debug	stress/stress.go:46	Setting up Docker Client and Network
2022-12-28T20:12:13.885+0200	info	stress/stress.go:36	TestID: Alona_Puma7_6063c72e-9cd2-425d-9db5-4e2e182f76c6
2022-12-28T20:12:13.885+0200	debug	stress/stress.go:51	setting up DHCP Server
2022-12-28T20:12:13.885+0200	debug	stress/stress.go:41	Setting up Router Slave
2022-12-28T20:12:13.886+0200	debug	stress/stress.go:46	Setting up Docker Client and Network
2022-12-28T20:15:43.322+0200	info	stress/stress.go:36	TestID: Alona_Puma7_69b47cbb-8137-4cca-b0da-34967a883820
2022-12-28T20:15:43.322+0200	debug	stress/stress.go:51	setting up DHCP Server
2022-12-28T20:15:43.323+0200	debug	stress/stress.go:41	Setting up Router Slave
2022-12-28T20:15:43.362+0200	debug	stress/stress.go:46	Setting up Docker Client and Network
2022-12-28T20:15:53.591+0200	debug	stress/stress.go:178	done dhcp
2022-12-29T07:25:27.025+0200	info	stress/stress.go:36	TestID: Josh_HT138_7e8c3694-900a-4eb6-add0-194291737ecb
2022-12-29T07:25:27.025+0200	debug	stress/stress.go:51	setting up DHCP Server
2022-12-29T07:25:27.025+0200	debug	stress/stress.go:41	Setting up Router Slave
2022-12-29T07:25:27.025+0200	debug	stress/stress.go:46	Setting up Docker Client and Network
2022-12-29T07:25:37.300+0200	debug	stress/stress.go:178	done dhcp
2022-12-29T07:25:48.220+0200	debug	router/slave.go:97	done sampler
2022-12-29T07:25:48.220+0200	debug	stress/stress.go:62	running inital traffic capture
2022-12-29T07:28:57.729+0200	info	stress/stress.go:36	TestID: Josh_HT138_f9998c52-4b1f-4bbb-8efe-3b7b5f1c9289
2022-12-29T07:28:57.729+0200	debug	stress/stress.go:51	setting up DHCP Server
2022-12-29T07:28:57.729+0200	debug	stress/stress.go:41	Setting up Router Slave
2022-12-29T07:28:57.730+0200	debug	stress/stress.go:46	Setting up Docker Client and Network
2022-12-29T07:29:18.986+0200	debug	stress/stress.go:62	running inital traffic capture
2022-12-29T07:30:19.370+0200	debug	RouterStress/main.go:29	finished setup
2022-12-29T07:31:27.832+0200	info	stress/stress.go:36	TestID: Josh_HT138_b20b373d-973b-4dfa-a2f7-2c2f7145ebf9
2022-12-29T07:31:27.833+0200	debug	stress/stress.go:51	setting up DHCP Server
2022-12-29T07:31:27.833+0200	debug	stress/stress.go:41	Setting up Router Slave
2022-12-29T07:31:27.833+0200	debug	stress/stress.go:46	Setting up Docker Client and Network
2022-12-29T07:31:49.038+0200	debug	stress/stress.go:62	running inital traffic capture
2022-12-29T07:35:57.073+0200	info	stress/stress.go:36	TestID: Josh_HT138_52213a3b-0afb-4d84-b958-9aae3a406b39
2022-12-29T07:35:57.074+0200	debug	stress/stress.go:51	setting up DHCP Server
2022-12-29T07:35:57.074+0200	debug	stress/stress.go:41	Setting up Router Slave
2022-12-29T07:35:57.074+0200	debug	stress/stress.go:46	Setting up Docker Client and Network
2022-12-29T07:36:18.174+0200	debug	stress/stress.go:62	running inital traffic capture
2022-12-29T07:39:34.183+0200	info	stress/stress.go:36	TestID: Josh_HT138_9a46939e-5519-4a08-b58b-fd27a69afcea
2022-12-29T07:39:34.183+0200	debug	stress/stress.go:51	setting up DHCP Server
2022-12-29T07:39:34.183+0200	debug	stress/stress.go:41	Setting up Router Slave
2022-12-29T07:39:34.183+0200	debug	stress/stress.go:46	Setting up Docker Client and Network
2022-12-29T07:39:55.478+0200	debug	stress/stress.go:62	running inital traffic capture
2022-12-29T07:42:14.021+0200	info	stress/stress.go:36	TestID: Josh_HT138_4fc08c4c-1671-4463-b0be-ba81f7841df1
2022-12-29T07:42:14.021+0200	debug	stress/stress.go:51	setting up DHCP Server
2022-12-29T07:42:14.021+0200	debug	stress/stress.go:41	Setting up Router Slave
2022-12-29T07:42:14.021+0200	debug	stress/stress.go:46	Setting up Docker Client and Network
2022-12-29T07:42:35.254+0200	debug	stress/stress.go:62	running inital traffic capture
2022-12-29T07:45:43.304+0200	info	stress/stress.go:36	TestID: Josh_HT138_d6bd7001-cdb8-4db2-bd7e-f5d514c4df70
2022-12-29T07:45:43.304+0200	debug	stress/stress.go:51	setting up DHCP Server
2022-12-29T07:45:43.305+0200	debug	stress/stress.go:41	Setting up Router Slave
2022-12-29T07:45:43.306+0200	debug	stress/stress.go:46	Setting up Docker Client and Network
2022-12-29T07:46:04.549+0200	debug	stress/stress.go:62	running inital traffic capture
2022-12-29T07:47:04.934+0200	debug	RouterStress/main.go:29	finished setup
2022-12-29T07:47:31.778+0200	info	stress/stress.go:36	TestID: Josh_HT138_246eb47b-cc32-4089-967a-3f4c2c64643e
2022-12-29T07:47:31.779+0200	debug	stress/stress.go:51	setting up DHCP Server
2022-12-29T07:47:31.779+0200	debug	stress/stress.go:41	Setting up Router Slave
2022-12-29T07:47:31.782+0200	debug	stress/stress.go:46	Setting up Docker Client and Network
2022-12-29T07:47:53.021+0200	debug	stress/stress.go:62	running inital traffic capture
2022-12-29T07:52:19.488+0200	info	stress/stress.go:36	TestID: Josh_HT138_fa3b6661-6752-46e5-830c-7c1837177b69
2022-12-29T07:52:19.489+0200	debug	stress/stress.go:51	setting up DHCP Server
2022-12-29T07:52:19.489+0200	debug	stress/stress.go:41	Setting up Router Slave
2022-12-29T07:52:19.489+0200	debug	stress/stress.go:46	Setting up Docker Client and Network
2022-12-29T07:52:40.727+0200	debug	stress/stress.go:62	running inital traffic capture
2022-12-29T07:56:12.785+0200	info	stress/stress.go:36	TestID: Josh_HT138_fba6ed05-8397-40e1-99d9-e5b7042415d2
2022-12-29T07:56:12.785+0200	debug	stress/stress.go:51	setting up DHCP Server
2022-12-29T07:56:12.785+0200	debug	stress/stress.go:41	Setting up Router Slave
2022-12-29T07:56:12.786+0200	debug	stress/stress.go:46	Setting up Docker Client and Network
2022-12-29T07:56:34.039+0200	debug	stress/stress.go:62	running inital traffic capture
2022-12-29T07:57:51.525+0200	info	stress/stress.go:36	TestID: Josh_HT138_100948f0-66d7-4bf9-9747-061ecb820370
2022-12-29T07:57:51.526+0200	debug	stress/stress.go:51	setting up DHCP Server
2022-12-29T07:57:51.526+0200	debug	stress/stress.go:41	Setting up Router Slave
2022-12-29T07:57:51.526+0200	debug	stress/stress.go:46	Setting up Docker Client and Network
2022-12-29T07:58:12.732+0200	debug	stress/stress.go:62	running inital traffic capture
2022-12-29T08:02:46.416+0200	info	stress/stress.go:36	TestID: Josh_HT138_2a9b733a-add8-4815-854c-5b0ef0c2dac8
2022-12-29T08:02:46.416+0200	debug	stress/stress.go:51	setting up DHCP Server
2022-12-29T08:02:46.416+0200	debug	stress/stress.go:41	Setting up Router Slave
2022-12-29T08:02:46.419+0200	debug	stress/stress.go:46	Setting up Docker Client and Network
2022-12-29T08:03:07.663+0200	debug	stress/stress.go:62	running inital traffic capture
2022-12-29T08:06:54.966+0200	info	stress/stress.go:36	TestID: Josh_HT138_8978edc5-16b3-417a-8ac9-1724aa1ae92f
2022-12-29T08:06:54.967+0200	debug	stress/stress.go:51	setting up DHCP Server
2022-12-29T08:06:54.967+0200	debug	stress/stress.go:41	Setting up Router Slave
2022-12-29T08:06:54.968+0200	debug	stress/stress.go:46	Setting up Docker Client and Network
2022-12-29T08:07:16.213+0200	debug	stress/stress.go:62	running inital traffic capture
2022-12-29T10:24:11.372+0200	info	stress/stress.go:36	TestID: Josh_HT138_22fa0d3f-5bcd-430a-884d-90dade6ca0d6
2022-12-29T10:24:11.372+0200	debug	stress/stress.go:51	setting up DHCP Server
2022-12-29T10:24:11.372+0200	debug	stress/stress.go:41	Setting up Router Slave
2022-12-29T10:24:11.372+0200	debug	stress/stress.go:46	Setting up Docker Client and Network
2022-12-29T10:24:32.478+0200	debug	RouterStress/main.go:29	finished setup
2022-12-29T10:24:32.478+0200	debug	stress/stress.go:118	starting container stress_dns_0_1
2022-12-29T10:24:32.478+0200	debug	stress/stress.go:118	starting container stress_dns_0_0
2022-12-29T10:25:30.504+0200	info	stress/stress.go:36	TestID: Josh_HT138_31c0f600-aa22-4d3b-9c6f-c06265bff5f6
2022-12-29T10:25:30.504+0200	debug	stress/stress.go:51	setting up DHCP Server
2022-12-29T10:25:30.504+0200	debug	stress/stress.go:41	Setting up Router Slave
2022-12-29T10:25:30.505+0200	debug	stress/stress.go:46	Setting up Docker Client and Network
2022-12-29T10:25:51.660+0200	debug	RouterStress/main.go:29	finished setup
2022-12-29T10:25:51.660+0200	debug	stress/stress.go:118	starting container stress_dns_0_1
2022-12-29T10:25:51.660+0200	debug	stress/stress.go:118	starting container stress_dns_0_0
2022-12-29T10:27:02.457+0200	debug	stress/stress.go:184	Running cleanup
2022-12-29T10:29:24.088+0200	info	stress/stress.go:36	TestID: Josh_HT138_cea37fd5-777a-4526-86c8-4073ae1939cb
2022-12-29T10:29:24.089+0200	debug	stress/stress.go:51	setting up DHCP Server
2022-12-29T10:29:24.089+0200	debug	stress/stress.go:41	Setting up Router Slave
2022-12-29T10:29:24.089+0200	debug	stress/stress.go:46	Setting up Docker Client and Network
2022-12-29T10:29:45.235+0200	debug	RouterStress/main.go:29	finished setup
2022-12-29T10:29:45.235+0200	debug	stress/stress.go:118	starting container stress_dns_0_1
2022-12-29T10:29:45.235+0200	debug	stress/stress.go:118	starting container stress_dns_0_0
2022-12-29T10:30:46.822+0200	info	stress/stress.go:36	TestID: Josh_HT138_6695157e-47f6-49da-8334-91f555f7109f
2022-12-29T10:30:46.822+0200	debug	stress/stress.go:51	setting up DHCP Server
2022-12-29T10:30:46.822+0200	debug	stress/stress.go:41	Setting up Router Slave
2022-12-29T10:30:46.823+0200	debug	stress/stress.go:46	Setting up Docker Client and Network
2022-12-29T10:31:08.052+0200	debug	RouterStress/main.go:29	finished setup
2022-12-29T10:31:08.052+0200	debug	stress/stress.go:118	starting container stress_dns_0_1
2022-12-29T10:31:08.052+0200	debug	stress/stress.go:118	starting container stress_dns_0_0
2022-12-29T10:32:18.796+0200	debug	stress/stress.go:184	Running cleanup
2022-12-29T11:01:53.589+0200	info	stress/stress.go:36	TestID: Josh_HT138_07e94f62-4a71-4176-89a3-2768ad32646f
2022-12-29T11:01:53.590+0200	debug	stress/stress.go:51	setting up DHCP Server
2022-12-29T11:01:53.590+0200	debug	stress/stress.go:41	Setting up Router Slave
2022-12-29T11:01:53.591+0200	debug	stress/stress.go:46	Setting up Docker Client and Network
2022-12-29T11:02:14.781+0200	debug	RouterStress/main.go:29	finished setup
2022-12-29T11:02:14.781+0200	debug	stress/stress.go:118	starting container stress_dns_0_1
2022-12-29T11:02:14.781+0200	debug	stress/stress.go:118	starting container stress_dns_0_0
2022-12-29T11:03:25.529+0200	debug	stress/stress.go:184	Running cleanup
2022-12-29T11:04:12.745+0200	info	stress/stress.go:36	TestID: Josh_HT138_59c362cd-f067-4718-a7ec-27fdc7431c01
2022-12-29T11:04:12.745+0200	debug	stress/stress.go:51	setting up DHCP Server
2022-12-29T11:04:12.745+0200	debug	stress/stress.go:46	Setting up Docker Client and Network
2022-12-29T11:04:12.745+0200	debug	stress/stress.go:41	Setting up Router Slave
2022-12-29T11:04:33.894+0200	debug	RouterStress/main.go:29	finished setup
2022-12-29T11:04:33.894+0200	debug	stress/stress.go:118	starting container stress_dns_0_1
2022-12-29T11:04:33.894+0200	debug	stress/stress.go:118	starting container stress_dns_0_0
2022-12-29T11:05:44.586+0200	debug	stress/stress.go:184	Running cleanup
2022-12-29T11:07:19.993+0200	info	stress/stress.go:36	TestID: Josh_HT138_d523d0bc-8e79-486a-a22d-016f35e79803
2022-12-29T11:07:19.993+0200	debug	stress/stress.go:51	setting up DHCP Server
2022-12-29T11:07:19.994+0200	debug	stress/stress.go:41	Setting up Router Slave
2022-12-29T11:07:19.996+0200	debug	stress/stress.go:46	Setting up Docker Client and Network
2022-12-29T11:07:41.152+0200	debug	stress/stress.go:62	running inital traffic capture
2022-12-29T11:19:05.387+0200	info	stress/stress.go:36	TestID: Josh_HT138_deadb355-6fbe-4d62-a812-a5094579e2f8
2022-12-29T11:19:05.387+0200	debug	stress/stress.go:51	setting up DHCP Server
2022-12-29T11:19:05.387+0200	debug	stress/stress.go:41	Setting up Router Slave
2022-12-29T11:19:05.388+0200	debug	stress/stress.go:46	Setting up Docker Client and Network
2022-12-29T11:19:07.498+0200	info	stress/stress.go:36	TestID: Josh_HT138_8f97cb94-ceca-4e3a-af10-402a695d9b0d
2022-12-29T11:19:07.498+0200	debug	stress/stress.go:51	setting up DHCP Server
2022-12-29T11:19:07.498+0200	debug	stress/stress.go:41	Setting up Router Slave
2022-12-29T11:19:07.498+0200	debug	stress/stress.go:46	Setting up Docker Client and Network
2022-12-29T11:19:28.650+0200	debug	stress/stress.go:62	running inital traffic capture
2022-12-29T11:24:10.256+0200	info	stress/stress.go:36	TestID: Josh_HT138_5bc15044-5a3d-4086-9597-b870539c80a2
2022-12-29T11:24:10.256+0200	debug	stress/stress.go:51	setting up DHCP Server
2022-12-29T11:24:10.257+0200	debug	stress/stress.go:41	Setting up Router Slave
2022-12-29T11:24:10.258+0200	debug	stress/stress.go:46	Setting up Docker Client and Network
2022-12-29T11:24:31.410+0200	debug	stress/stress.go:62	running inital traffic capture
2022-12-29T11:26:47.614+0200	info	stress/stress.go:36	TestID: Josh_HT138_86e80941-abde-4897-b37a-9250c0fde590
2022-12-29T11:26:47.615+0200	debug	stress/stress.go:51	setting up DHCP Server
2022-12-29T11:26:47.615+0200	debug	stress/stress.go:41	Setting up Router Slave
2022-12-29T11:26:47.616+0200	debug	stress/stress.go:46	Setting up Docker Client and Network
2022-12-29T11:27:08.820+0200	debug	stress/stress.go:62	running inital traffic capture
2022-12-29T11:32:10.613+0200	info	stress/stress.go:36	TestID: Josh_HT138_9c21a5a0-c4f8-4f59-a837-1a0419a1dde3
2022-12-29T11:32:10.613+0200	debug	stress/stress.go:51	setting up DHCP Server
2022-12-29T11:32:10.613+0200	debug	stress/stress.go:41	Setting up Router Slave
2022-12-29T11:32:10.613+0200	debug	stress/stress.go:46	Setting up Docker Client and Network
2022-12-29T11:32:31.727+0200	debug	stress/stress.go:62	running inital traffic capture
2022-12-29T11:33:32.141+0200	debug	RouterStress/main.go:31	finished setup
2022-12-29T11:41:07.709+0200	info	stress/stress.go:36	TestID: Josh_HT138_c76dbcf9-7b97-4beb-8f58-3efea9558e51
2022-12-29T11:41:07.710+0200	debug	stress/stress.go:51	setting up DHCP Server
2022-12-29T11:41:07.710+0200	debug	stress/stress.go:41	Setting up Router Slave
2022-12-29T11:41:07.710+0200	debug	stress/stress.go:46	Setting up Docker Client and Network
2022-12-29T11:41:28.947+0200	debug	stress/stress.go:62	running inital traffic capture
2022-12-29T11:42:40.592+0200	info	stress/stress.go:36	TestID: Josh_HT138_47b00add-b69b-4c7f-82d2-38dcd425d71e
2022-12-29T11:42:40.592+0200	debug	stress/stress.go:51	setting up DHCP Server
2022-12-29T11:42:40.592+0200	debug	stress/stress.go:41	Setting up Router Slave
2022-12-29T11:42:40.593+0200	debug	stress/stress.go:46	Setting up Docker Client and Network
2022-12-29T11:43:01.850+0200	debug	stress/stress.go:62	running inital traffic capture
2022-12-29T11:48:00.510+0200	info	stress/stress.go:36	TestID: Josh_HT138_230c8fdb-36fe-4b7c-8c0d-736f23073f3a
2022-12-29T11:48:00.510+0200	debug	stress/stress.go:51	setting up DHCP Server
2022-12-29T11:48:00.511+0200	debug	stress/stress.go:41	Setting up Router Slave
2022-12-29T11:48:00.511+0200	debug	stress/stress.go:46	Setting up Docker Client and Network
2022-12-29T11:48:21.662+0200	debug	stress/stress.go:62	running inital traffic capture
2022-12-29T12:23:55.503+0200	info	stress/stress.go:36	TestID: Josh_HT138_0a40e118-8c07-4fd8-befa-7fb2b2d2232f
2022-12-29T12:23:55.504+0200	debug	stress/stress.go:51	setting up DHCP Server
2022-12-29T12:23:55.504+0200	debug	stress/stress.go:41	Setting up Router Slave
2022-12-29T12:23:55.504+0200	debug	stress/stress.go:46	Setting up Docker Client and Network
2022-12-29T12:24:16.646+0200	debug	stress/stress.go:62	running inital traffic capture
2022-12-29T12:43:56.175+0200	info	stress/stress.go:36	TestID: Josh_HT138_174e064a-7af6-42a5-aa1f-ff6d646261d5
2022-12-29T12:43:56.175+0200	debug	stress/stress.go:51	setting up DHCP Server
2022-12-29T12:43:56.175+0200	debug	stress/stress.go:41	Setting up Router Slave
2022-12-29T12:43:56.176+0200	debug	stress/stress.go:46	Setting up Docker Client and Network
2022-12-29T12:44:17.281+0200	debug	stress/stress.go:62	running inital traffic capture
2022-12-29T12:49:15.028+0200	info	stress/stress.go:36	TestID: Josh_HT138_90c5bfd3-9ba8-4c86-ba2a-2ef4863b8547
2022-12-29T12:49:15.028+0200	debug	stress/stress.go:51	setting up DHCP Server
2022-12-29T12:49:15.028+0200	debug	stress/stress.go:41	Setting up Router Slave
2022-12-29T12:49:15.028+0200	debug	stress/stress.go:46	Setting up Docker Client and Network
2022-12-29T12:49:36.142+0200	debug	stress/stress.go:62	running inital traffic capture
2022-12-29T12:51:34.751+0200	info	stress/stress.go:36	TestID: Josh_HT138_f96ae180-5e45-4bca-aeeb-f16c74b3f11c
2022-12-29T12:51:34.751+0200	debug	stress/stress.go:51	setting up DHCP Server
2022-12-29T12:51:34.751+0200	debug	stress/stress.go:41	Setting up Router Slave
2022-12-29T12:51:34.751+0200	debug	stress/stress.go:46	Setting up Docker Client and Network
2022-12-29T12:51:55.971+0200	debug	stress/stress.go:62	running inital traffic capture
2022-12-29T12:55:48.620+0200	info	stress/stress.go:36	TestID: Josh_HT138_7999e73f-92ae-488f-b119-d730826e0098
2022-12-29T12:55:48.620+0200	debug	stress/stress.go:51	setting up DHCP Server
2022-12-29T12:55:48.620+0200	debug	stress/stress.go:41	Setting up Router Slave
2022-12-29T12:55:48.621+0200	debug	stress/stress.go:46	Setting up Docker Client and Network
2022-12-29T12:56:09.896+0200	debug	stress/stress.go:62	running inital traffic capture
2022-12-29T12:57:10.204+0200	debug	RouterStress/main.go:31	finished setup
2022-12-29T12:57:10.204+0200	debug	stress/stress.go:118	starting container stress_dns_0_1
2022-12-29T12:57:10.204+0200	debug	stress/stress.go:118	starting container stress_dns_0_0
2022-12-29T12:58:19.364+0200	info	stress/stress.go:36	TestID: Josh_HT138_ed9e1e55-0e33-41d9-9d14-db73288bcdef
2022-12-29T12:58:19.364+0200	debug	stress/stress.go:51	setting up DHCP Server
2022-12-29T12:58:19.364+0200	debug	stress/stress.go:41	Setting up Router Slave
2022-12-29T12:58:19.364+0200	debug	stress/stress.go:46	Setting up Docker Client and Network
2022-12-29T12:58:40.614+0200	debug	stress/stress.go:62	running inital traffic capture
2022-12-29T12:59:40.954+0200	debug	RouterStress/main.go:31	finished setup
2022-12-29T12:59:40.954+0200	debug	stress/stress.go:118	starting container stress_dns_0_1
2022-12-29T12:59:40.954+0200	debug	stress/stress.go:118	starting container stress_dns_0_0
2022-12-29T13:00:55.718+0200	info	stress/stress.go:36	TestID: Josh_HT138_4d22fc4e-2060-4e2d-bb70-74df73e150f0
2022-12-29T13:00:55.718+0200	debug	stress/stress.go:51	setting up DHCP Server
2022-12-29T13:00:55.718+0200	debug	stress/stress.go:41	Setting up Router Slave
2022-12-29T13:00:55.718+0200	debug	stress/stress.go:46	Setting up Docker Client and Network
2022-12-29T13:01:16.873+0200	debug	stress/stress.go:62	running inital traffic capture
2022-12-29T13:02:17.208+0200	debug	RouterStress/main.go:31	finished setup
2022-12-29T13:02:17.208+0200	debug	stress/stress.go:118	starting container stress_dns_0_1
2022-12-29T13:02:17.208+0200	debug	stress/stress.go:118	starting container stress_dns_0_0
2022-12-29T13:02:53.166+0200	info	stress/stress.go:36	TestID: Josh_HT138_23cf3c42-d70f-4cf0-8915-7d36e7cb6dd0
2022-12-29T13:02:53.167+0200	debug	stress/stress.go:51	setting up DHCP Server
2022-12-29T13:02:53.167+0200	debug	stress/stress.go:41	Setting up Router Slave
2022-12-29T13:02:53.167+0200	debug	stress/stress.go:46	Setting up Docker Client and Network
2022-12-29T13:03:14.481+0200	error	RouterStress/main.go:27	API error (403): Pool overlaps with other one on this address space
2022-12-29T13:03:26.315+0200	info	stress/stress.go:36	TestID: Josh_HT138_daa41240-a905-4a4a-9460-fb7a3deba5c7
2022-12-29T13:03:26.315+0200	debug	stress/stress.go:51	setting up DHCP Server
2022-12-29T13:03:26.316+0200	debug	stress/stress.go:41	Setting up Router Slave
2022-12-29T13:03:26.316+0200	debug	stress/stress.go:46	Setting up Docker Client and Network
2022-12-29T13:03:47.514+0200	debug	stress/stress.go:62	running inital traffic capture
2022-12-29T13:25:55.069+0200	info	stress/stress.go:36	TestID: Josh_HT138_825f6f50-7f0f-4a92-859b-4bdf4b4783df
2022-12-29T13:25:55.070+0200	debug	stress/stress.go:51	setting up DHCP Server
2022-12-29T13:25:55.070+0200	debug	stress/stress.go:41	Setting up Router Slave
2022-12-29T13:25:55.070+0200	debug	stress/stress.go:46	Setting up Docker Client and Network
2022-12-29T13:26:16.286+0200	debug	stress/stress.go:62	running inital traffic capture
2022-12-29T13:53:59.329+0200	info	stress/stress.go:36	TestID: Josh_HT138_c705a44e-9f10-4e32-b010-40cb56ccd251
2022-12-29T13:53:59.330+0200	debug	stress/stress.go:51	setting up DHCP Server
2022-12-29T13:53:59.330+0200	debug	stress/stress.go:41	Setting up Router Slave
2022-12-29T13:53:59.330+0200	debug	stress/stress.go:46	Setting up Docker Client and Network
2022-12-29T13:54:20.477+0200	debug	stress/stress.go:62	running inital traffic capture
2022-12-29T13:56:22.066+0200	info	stress/stress.go:36	TestID: Josh_HT138_96b35556-e9d5-419e-b03e-1578ec18c97b
2022-12-29T13:56:22.066+0200	debug	stress/stress.go:51	setting up DHCP Server
2022-12-29T13:56:22.067+0200	debug	stress/stress.go:41	Setting up Router Slave
2022-12-29T13:56:22.070+0200	debug	stress/stress.go:46	Setting up Docker Client and Network
2022-12-29T13:56:43.323+0200	debug	stress/stress.go:62	running inital traffic capture
2022-12-29T13:57:43.655+0200	debug	RouterStress/main.go:31	finished setup
2022-12-29T13:57:43.655+0200	debug	stress/stress.go:118	starting container stress_dns_0_1
2022-12-29T13:57:43.655+0200	debug	stress/stress.go:118	starting container stress_dns_0_0
2022-12-29T13:58:54.590+0200	debug	stress/stress.go:184	Running cleanup
2022-12-29T13:58:55.652+0200	debug	RouterStress/main.go:43	Done.
2022-12-29T13:58:55.652+0200	debug	RouterStress/main.go:44	TestID: Josh_HT138_96b35556-e9d5-419e-b03e-1578ec18c97b
